# configure exec: ./configure --prefix=/Users/rashid/Desktop/BROTOTYPE/BACKEND/task-service/node_modules/node-rdkafka/build/deps --libdir=/Users/rashid/Desktop/BROTOTYPE/BACKEND/task-service/node_modules/node-rdkafka/build/deps --prefix=/Users/rashid/Desktop/BROTOTYPE/BACKEND/task-service/node_modules/node-rdkafka/build/deps --libdir=/Users/rashid/Desktop/BROTOTYPE/BACKEND/task-service/node_modules/node-rdkafka/build/deps
# On Tue Jan  2 18:50:43 IST 2024
DBG 77690: Setting distro (distro) status to ok (action ignore)
DBG 77690: ccenv: WITH_CC:  --version failed: mklove/modules/configure.base: line 1824: --version: command not found
DBG 77690: Setting ccenv (ccenv) status to failed (action cont)
DBG 77690: Check ccenv (WITH_CC, action cont (originally cont)) failed: command ' --version' failed:
mklove/modules/configure.base: line 1824: --version: command not found
DBG 77690: Setting gcc (gcc) status to ok (action cont)
DBG 77690: cxxenv: WITH_CXX:  --version failed: mklove/modules/configure.base: line 1824: --version: command not found
DBG 77690: Setting cxxenv (cxxenv) status to failed (action cont)
DBG 77690: Check cxxenv (WITH_CXX, action cont (originally cont)) failed: command ' --version' failed:
mklove/modules/configure.base: line 1824: --version: command not found
DBG 77690: Setting gxx (gxx) status to ok (action cont)
DBG 77690: Setting ld (ld) status to ok (action disable)
DBG 77690: Setting nm (nm) status to ok (action disable)
DBG 77690: Setting objdump (objdump) status to ok (action disable)
DBG 77690: Setting strip (strip) status to ok (action disable)
DBG 77690: Setting libtool (libtool) status to ok (action disable)
DBG 77690: Setting ranlib (ranlib) status to ok (action disable)
DBG 77690: Compile check cc_g_dwarf () (sub=0): gcc   -Wall -Werror _mkltmpP82eRU.c -o _mkltmpP82eRU.c.o  -L/Users/rashid/Desktop/BROTOTYPE/BACKEND/task-service/node_modules/node-rdkafka/build/deps -gstrict-dwarf 
DBG 77690: Setting cc_g_dwarf (cc_g_dwarf) status to ok (action cont)
DBG 77690: pkgconfig: WITH_PKGCONFIG: pkg-config --version failed: mklove/modules/configure.base: line 1824: pkg-config: command not found
DBG 77690: Setting pkgconfig (pkgconfig) status to failed (action cont)
DBG 77690: Check pkgconfig (WITH_PKGCONFIG, action cont (originally cont)) failed: command 'pkg-config --version' failed:
mklove/modules/configure.base: line 1824: pkg-config: command not found
DBG 77690: install: WITH_INSTALL: /usr/bin/install --version failed: /usr/bin/install: illegal option -- -
usage: install [-bCcpSsv] [-B suffix] [-f flags] [-g group] [-m mode]
               [-o owner] file1 file2
       install [-bCcpSsv] [-B suffix] [-f flags] [-g group] [-m mode]
               [-o owner] file1 ... fileN directory
       install -d [-v] [-g group] [-m mode] [-o owner] directory ...
DBG 77690: Setting install (install) status to failed (action cont)
DBG 77690: Check install (WITH_INSTALL, action cont (originally cont)) failed: command '/usr/bin/install --version' failed:
/usr/bin/install: illegal option -- -
usage: install [-bCcpSsv] [-B suffix] [-f flags] [-g group] [-m mode]
               [-o owner] file1 file2
       install [-bCcpSsv] [-B suffix] [-f flags] [-g group] [-m mode]
               [-o owner] file1 ... fileN directory
       install -d [-v] [-g group] [-m mode] [-o owner] directory ...
DBG 77690: gnuar: HAS_GNU_AR: ar -V 2>/dev/null | grep -q GNU failed: ar: one of options -dmpqrtsx is required
usage:  ar -d [-TLsv] archive file ...
	ar -m [-TLsv] archive file ...
	ar -m [-abiTLsv] position archive file ...
	ar -p [-TLsv] archive [file ...]
	ar -q [-cTLsv] archive file ...
	ar -r [-cuTLsv] archive file ...
	ar -r [-abciuTLsv] position archive file ...
	ar -t [-TLsv] archive [file ...]
	ar -x [-ouTLsv] archive [file ...]
DBG 77690: Setting gnuar (gnuar) status to failed (action disable)
DBG 77690: Check gnuar (HAS_GNU_AR, action disable (originally disable)) failed: command 'ar -V 2>/dev/null | grep -q GNU' failed:
ar: one of options -dmpqrtsx is required
usage:  ar -d [-TLsv] archive file ...
	ar -m [-TLsv] archive file ...
	ar -m [-abiTLsv] position archive file ...
	ar -p [-TLsv] archive [file ...]
	ar -q [-cTLsv] archive file ...
	ar -r [-cuTLsv] archive file ...
	ar -r [-abciuTLsv] position archive file ...
	ar -t [-TLsv] archive [file ...]
	ar -x [-ouTLsv] archive [file ...]
DBG 77690: Compile check PIC (HAVE_PIC) (sub=0): gcc  -gstrict-dwarf -O2 -Wall -Werror _mkltmpCjAm2n.c -o _mkltmpCjAm2n.c.o  -L/Users/rashid/Desktop/BROTOTYPE/BACKEND/task-service/node_modules/node-rdkafka/build/deps -fPIC 
DBG 77690: Setting PIC (PIC) status to ok (action disable)
DBG 77690: Compile check gnulib (WITH_GNULD) (sub=0): gcc  -gstrict-dwarf -O2 -fPIC -Wall -Werror _mkltmp7ANmgT.c -o _mkltmp7ANmgT.c.o  -L/Users/rashid/Desktop/BROTOTYPE/BACKEND/task-service/node_modules/node-rdkafka/build/deps -shared -Wl,-soname,mkltest.0 
DBG 77690: compile check for gnulib (WITH_GNULD) failed: gcc  -gstrict-dwarf -O2 -fPIC -Wall -Werror _mkltmp7ANmgT.c -o _mkltmp7ANmgT.c.o  -L/Users/rashid/Desktop/BROTOTYPE/BACKEND/task-service/node_modules/node-rdkafka/build/deps -shared -Wl,-soname,mkltest.0 : ld: unknown options: -soname 
clang: error: linker command failed with exit code 1 (use -v to see invocation)
DBG 77690: Setting gnulib (gnulib) status to failed (action cont)
DBG 77690: Check gnulib (WITH_GNULD, action cont (originally cont)) failed: compile check failed:
CC: CC
flags: -shared -Wl,-soname,mkltest.0
gcc  -gstrict-dwarf -O2 -fPIC -Wall -Werror _mkltmp7ANmgT.c -o _mkltmp7ANmgT.c.o  -L/Users/rashid/Desktop/BROTOTYPE/BACKEND/task-service/node_modules/node-rdkafka/build/deps -shared -Wl,-soname,mkltest.0 :
ld: unknown options: -soname 
clang: error: linker command failed with exit code 1 (use -v to see invocation)
source: 
DBG 77690: Compile check osxlib (WITH_OSXLD) (sub=0): gcc  -gstrict-dwarf -O2 -fPIC -Wall -Werror _mkltmpXuusgX.c -o _mkltmpXuusgX.c.o  -L/Users/rashid/Desktop/BROTOTYPE/BACKEND/task-service/node_modules/node-rdkafka/build/deps -dynamiclib -Wl,-install_name,/tmp/mkltest.so.0 
DBG 77690: Setting osxlib (osxlib) status to ok (action cont)
DBG 77690: Compile check ldsflagvs () (sub=0): gcc  -gstrict-dwarf -O2 -fPIC -Wall -Werror _mkltmp9s5DB4.c -o _mkltmp9s5DB4.c.o  -L/Users/rashid/Desktop/BROTOTYPE/BACKEND/task-service/node_modules/node-rdkafka/build/deps -shared -Wl,--version-script=_mkltmp544qk6 
DBG 77690: compile check for ldsflagvs () failed: gcc  -gstrict-dwarf -O2 -fPIC -Wall -Werror _mkltmp9s5DB4.c -o _mkltmp9s5DB4.c.o  -L/Users/rashid/Desktop/BROTOTYPE/BACKEND/task-service/node_modules/node-rdkafka/build/deps -shared -Wl,--version-script=_mkltmp544qk6 : ld: unknown options: --version-script=_mkltmp544qk6 
clang: error: linker command failed with exit code 1 (use -v to see invocation)
DBG 77690: Setting ldsflagvs (ldsflagvs) status to failed (action cont)
DBG 77690: Check ldsflagvs (, action cont (originally cont)) failed: compile check failed:
CC: CC
flags: -shared -Wl,--version-script=_mkltmp544qk6
gcc  -gstrict-dwarf -O2 -fPIC -Wall -Werror _mkltmp9s5DB4.c -o _mkltmp9s5DB4.c.o  -L/Users/rashid/Desktop/BROTOTYPE/BACKEND/task-service/node_modules/node-rdkafka/build/deps -shared -Wl,--version-script=_mkltmp544qk6 :
ld: unknown options: --version-script=_mkltmp544qk6 
clang: error: linker command failed with exit code 1 (use -v to see invocation)
source: 
DBG 77690: Compile check ldsflagm () (sub=0): gcc  -gstrict-dwarf -O2 -fPIC -Wall -Werror _mkltmpdF3Jyd.c -o _mkltmpdF3Jyd.c.o  -L/Users/rashid/Desktop/BROTOTYPE/BACKEND/task-service/node_modules/node-rdkafka/build/deps -shared -Wl,-M_mkltmp544qk6 
DBG 77690: compile check for ldsflagm () failed: gcc  -gstrict-dwarf -O2 -fPIC -Wall -Werror _mkltmpdF3Jyd.c -o _mkltmpdF3Jyd.c.o  -L/Users/rashid/Desktop/BROTOTYPE/BACKEND/task-service/node_modules/node-rdkafka/build/deps -shared -Wl,-M_mkltmp544qk6 : ld: unknown options: -M_mkltmp544qk6 
clang: error: linker command failed with exit code 1 (use -v to see invocation)
DBG 77690: Setting ldsflagm (ldsflagm) status to failed (action ignore)
DBG 77690: Check ldsflagm (, action ignore (originally ignore)) failed: compile check failed:
CC: CC
flags: -shared -Wl,-M_mkltmp544qk6
gcc  -gstrict-dwarf -O2 -fPIC -Wall -Werror _mkltmpdF3Jyd.c -o _mkltmpdF3Jyd.c.o  -L/Users/rashid/Desktop/BROTOTYPE/BACKEND/task-service/node_modules/node-rdkafka/build/deps -shared -Wl,-M_mkltmp544qk6 :
ld: unknown options: -M_mkltmp544qk6 
clang: error: linker command failed with exit code 1 (use -v to see invocation)
source: 
DBG 77690: Compile check __atomic_32 (HAVE_ATOMICS_32) (sub=0): gcc  -gstrict-dwarf -O2 -fPIC -Wall -Werror _mkltmpcHM7a4.c -o _mkltmpcHM7a4.c.o  -L/Users/rashid/Desktop/BROTOTYPE/BACKEND/task-service/node_modules/node-rdkafka/build/deps  
DBG 77690: Setting __atomic_32 (__atomic_32) status to ok (action cont)
DBG 77690: Compile check __atomic_64 (HAVE_ATOMICS_64) (sub=0): gcc  -gstrict-dwarf -O2 -fPIC -Wall -Werror _mkltmpofpnKD.c -o _mkltmpofpnKD.c.o  -L/Users/rashid/Desktop/BROTOTYPE/BACKEND/task-service/node_modules/node-rdkafka/build/deps  
DBG 77690: Setting __atomic_64 (__atomic_64) status to ok (action cont)
DBG 77690: Compile check socket () (sub=0): gcc  -gstrict-dwarf -O2 -fPIC -Wall -Wsign-compare -Wfloat-equal -Wpointer-arith -Wcast-align -Wall -Werror _mkltmpyfwBDj.c -o _mkltmpyfwBDj.c.o  -L/Users/rashid/Desktop/BROTOTYPE/BACKEND/task-service/node_modules/node-rdkafka/build/deps  
DBG 77690: Setting socket (socket) status to ok (action cont)
DBG 77690: Setting parseversion (parseversion) status to ok (action cont)
DBG 77690: librt: Check for static library (libs -lrt, arfile variable STATIC_LIB_librt=, static filenames )
DBG 77690: Compile check librt () (sub=0): gcc  -gstrict-dwarf -O2 -fPIC -Wall -Wsign-compare -Wfloat-equal -Wpointer-arith -Wcast-align -Wall -Werror _mkltmpJZR40e.c -o _mkltmpJZR40e.c.o  -L/Users/rashid/Desktop/BROTOTYPE/BACKEND/task-service/node_modules/node-rdkafka/build/deps -lrt 
DBG 77690: compile check for librt () failed: gcc  -gstrict-dwarf -O2 -fPIC -Wall -Wsign-compare -Wfloat-equal -Wpointer-arith -Wcast-align -Wall -Werror _mkltmpJZR40e.c -o _mkltmpJZR40e.c.o  -L/Users/rashid/Desktop/BROTOTYPE/BACKEND/task-service/node_modules/node-rdkafka/build/deps -lrt : ld: library 'rt' not found
clang: error: linker command failed with exit code 1 (use -v to see invocation)
DBG 77690: Setting librt (librt) status to failed (action cont)
DBG 77690: Check librt (, action cont (originally cont)) failed: compile check failed:
CC: CC
flags: -lrt
gcc  -gstrict-dwarf -O2 -fPIC -Wall -Wsign-compare -Wfloat-equal -Wpointer-arith -Wcast-align -Wall -Werror _mkltmpJZR40e.c -o _mkltmpJZR40e.c.o  -L/Users/rashid/Desktop/BROTOTYPE/BACKEND/task-service/node_modules/node-rdkafka/build/deps -lrt :
ld: library 'rt' not found
clang: error: linker command failed with exit code 1 (use -v to see invocation)
source: 
DBG 77690: libpthread: Check for static library (libs -lpthread, arfile variable STATIC_LIB_libpthread=, static filenames )
DBG 77690: Compile check libpthread () (sub=0): gcc  -gstrict-dwarf -O2 -fPIC -Wall -Wsign-compare -Wfloat-equal -Wpointer-arith -Wcast-align -Wall -Werror _mkltmpLmgS3D.c -o _mkltmpLmgS3D.c.o  -L/Users/rashid/Desktop/BROTOTYPE/BACKEND/task-service/node_modules/node-rdkafka/build/deps -lpthread 
DBG 77690: Setting libpthread (libpthread) status to ok (action fail)
DBG 77690: libpthread: from lib_check: LIBS: prepend -lpthread
DBG 77690: c11threads: Check for static library (libs -lpthread, arfile variable STATIC_LIB_c11threads=, static filenames )
DBG 77690: Compile check c11threads (WITH_C11THREADS) (sub=0): gcc  -gstrict-dwarf -O2 -fPIC -Wall -Wsign-compare -Wfloat-equal -Wpointer-arith -Wcast-align -Wall -Werror _mkltmp8P9QOc.c -o _mkltmp8P9QOc.c.o  -L/Users/rashid/Desktop/BROTOTYPE/BACKEND/task-service/node_modules/node-rdkafka/build/deps -lpthread -lpthread
DBG 77690: compile check for c11threads (WITH_C11THREADS) failed: gcc  -gstrict-dwarf -O2 -fPIC -Wall -Wsign-compare -Wfloat-equal -Wpointer-arith -Wcast-align -Wall -Werror _mkltmp8P9QOc.c -o _mkltmp8P9QOc.c.o  -L/Users/rashid/Desktop/BROTOTYPE/BACKEND/task-service/node_modules/node-rdkafka/build/deps -lpthread -lpthread: _mkltmp8P9QOc.c:2:10: fatal error: 'threads.h' file not found
#include <threads.h>
         ^~~~~~~~~~~
1 error generated.
DBG 77690: Setting c11threads (c11threads) status to failed (action disable)
DBG 77690: Check c11threads (WITH_C11THREADS, action disable (originally disable)) failed: compile check failed:
CC: CC
flags: -lpthread
gcc  -gstrict-dwarf -O2 -fPIC -Wall -Wsign-compare -Wfloat-equal -Wpointer-arith -Wcast-align -Wall -Werror _mkltmp8P9QOc.c -o _mkltmp8P9QOc.c.o  -L/Users/rashid/Desktop/BROTOTYPE/BACKEND/task-service/node_modules/node-rdkafka/build/deps -lpthread -lpthread:
_mkltmp8P9QOc.c:2:10: fatal error: 'threads.h' file not found
#include <threads.h>
         ^~~~~~~~~~~
1 error generated.
source: 
#include <threads.h>


static int start_func (void *arg) {
   int iarg = *(int *)arg;
   return iarg;
}

void foo (void) {
    thrd_t thr;
    int arg = 1;
    if (thrd_create(&thr, start_func, (void *)&arg) != thrd_success) {
      ;
    }
}

DBG 77690: libdl: Check for static library (libs -ldl, arfile variable STATIC_LIB_libdl=, static filenames )
DBG 77690: Compile check libdl (WITH_LIBDL) (sub=0): gcc  -gstrict-dwarf -O2 -fPIC -Wall -Wsign-compare -Wfloat-equal -Wpointer-arith -Wcast-align -Wall -Werror _mkltmpsj22Lq.c -o _mkltmpsj22Lq.c.o  -L/Users/rashid/Desktop/BROTOTYPE/BACKEND/task-service/node_modules/node-rdkafka/build/deps -ldl -lpthread
DBG 77690: Setting libdl (libdl) status to ok (action disable)
DBG 77690: libdl: from lib_check: LIBS: prepend -ldl
DBG 77690: zlib: Check for static library (libs -lz, arfile variable STATIC_LIB_zlib=, static filenames libz.a)
DBG 77690: Compile check zlib (WITH_ZLIB) (sub=0): gcc  -gstrict-dwarf -O2 -fPIC -Wall -Wsign-compare -Wfloat-equal -Wpointer-arith -Wcast-align -Wall -Werror _mkltmpeUA36r.c -o _mkltmpeUA36r.c.o  -L/Users/rashid/Desktop/BROTOTYPE/BACKEND/task-service/node_modules/node-rdkafka/build/deps -lz -ldl -lpthread
DBG 77690: Setting zlib (zlib) status to ok (action disable)
DBG 77690: zlib: from lib_check: LIBS: prepend -lz
DBG 77690: libcrypto: Check for static library (libs -lcrypto, arfile variable STATIC_LIB_libcrypto=, static filenames libcrypto.a)
DBG 77690: Compile check libcrypto () (sub=0): gcc  -gstrict-dwarf -O2 -fPIC -Wall -Wsign-compare -Wfloat-equal -Wpointer-arith -Wcast-align -Wall -Werror _mkltmpvYOzHB.c -o _mkltmpvYOzHB.c.o  -L/Users/rashid/Desktop/BROTOTYPE/BACKEND/task-service/node_modules/node-rdkafka/build/deps -lcrypto -lz -ldl -lpthread
DBG 77690: compile check for libcrypto () failed: gcc  -gstrict-dwarf -O2 -fPIC -Wall -Wsign-compare -Wfloat-equal -Wpointer-arith -Wcast-align -Wall -Werror _mkltmpvYOzHB.c -o _mkltmpvYOzHB.c.o  -L/Users/rashid/Desktop/BROTOTYPE/BACKEND/task-service/node_modules/node-rdkafka/build/deps -lcrypto -lz -ldl -lpthread: _mkltmpvYOzHB.c:2:10: fatal error: 'openssl/ssl.h' file not found
#include <openssl/ssl.h>
         ^~~~~~~~~~~~~~~
1 error generated.
DBG 77690: Setting libcrypto (libcrypto) status to failed (action disable)
DBG 77690: Check libcrypto (, action disable (originally disable)) failed: compile check failed:
CC: CC
flags: -lcrypto
gcc  -gstrict-dwarf -O2 -fPIC -Wall -Wsign-compare -Wfloat-equal -Wpointer-arith -Wcast-align -Wall -Werror _mkltmpvYOzHB.c -o _mkltmpvYOzHB.c.o  -L/Users/rashid/Desktop/BROTOTYPE/BACKEND/task-service/node_modules/node-rdkafka/build/deps -lcrypto -lz -ldl -lpthread:
_mkltmpvYOzHB.c:2:10: fatal error: 'openssl/ssl.h' file not found
#include <openssl/ssl.h>
         ^~~~~~~~~~~~~~~
1 error generated.
source: 
#include <openssl/ssl.h>
#include <openssl/evp.h>
#if OPENSSL_VERSION_NUMBER < 0x1000100fL
#error "Requires OpenSSL version >= v1.0.1"
#endif
DBG 77690: libsasl2: Check for static library (libs -lsasl2, arfile variable STATIC_LIB_libsasl2=, static filenames )
DBG 77690: Compile check libsasl2 (WITH_SASL_CYRUS) (sub=0): gcc  -gstrict-dwarf -O2 -fPIC -Wall -Wsign-compare -Wfloat-equal -Wpointer-arith -Wcast-align -Wall -Werror _mkltmpOlQ9cM.c -o _mkltmpOlQ9cM.c.o  -L/Users/rashid/Desktop/BROTOTYPE/BACKEND/task-service/node_modules/node-rdkafka/build/deps -lsasl2 -lz -ldl -lpthread
DBG 77690: Setting libsasl2 (libsasl2) status to ok (action disable)
DBG 77690: libsasl2: from lib_check: LIBS: prepend -lsasl2
DBG 77690: libzstd: Check for static library (libs -lzstd, arfile variable STATIC_LIB_libzstd=, static filenames libzstd.a)
DBG 77690: Compile check libzstd (WITH_ZSTD) (sub=0): gcc  -gstrict-dwarf -O2 -fPIC -Wall -Wsign-compare -Wfloat-equal -Wpointer-arith -Wcast-align -Wall -Werror _mkltmpqCZPGC.c -o _mkltmpqCZPGC.c.o  -L/Users/rashid/Desktop/BROTOTYPE/BACKEND/task-service/node_modules/node-rdkafka/build/deps -lzstd -lsasl2 -lz -ldl -lpthread
DBG 77690: compile check for libzstd (WITH_ZSTD) failed: gcc  -gstrict-dwarf -O2 -fPIC -Wall -Wsign-compare -Wfloat-equal -Wpointer-arith -Wcast-align -Wall -Werror _mkltmpqCZPGC.c -o _mkltmpqCZPGC.c.o  -L/Users/rashid/Desktop/BROTOTYPE/BACKEND/task-service/node_modules/node-rdkafka/build/deps -lzstd -lsasl2 -lz -ldl -lpthread: _mkltmpqCZPGC.c:2:10: fatal error: 'zstd.h' file not found
#include <zstd.h>
         ^~~~~~~~
1 error generated.
DBG 77690: Setting libzstd (libzstd) status to failed (action disable)
DBG 77690: Check libzstd (WITH_ZSTD, action disable (originally disable)) failed: compile check failed:
CC: CC
flags: -lzstd
gcc  -gstrict-dwarf -O2 -fPIC -Wall -Wsign-compare -Wfloat-equal -Wpointer-arith -Wcast-align -Wall -Werror _mkltmpqCZPGC.c -o _mkltmpqCZPGC.c.o  -L/Users/rashid/Desktop/BROTOTYPE/BACKEND/task-service/node_modules/node-rdkafka/build/deps -lzstd -lsasl2 -lz -ldl -lpthread:
_mkltmpqCZPGC.c:2:10: fatal error: 'zstd.h' file not found
#include <zstd.h>
         ^~~~~~~~
1 error generated.
source: 
#include <zstd.h>
#include <zstd_errors.h>

void foo (void) {
     ZSTD_getFrameContentSize(NULL, 0);
}

DBG 77690: libcurl: Check for static library (libs -lcurl, arfile variable STATIC_LIB_libcurl=, static filenames libcurl.a)
DBG 77690: Compile check libcurl (WITH_CURL) (sub=0): gcc  -gstrict-dwarf -O2 -fPIC -Wall -Wsign-compare -Wfloat-equal -Wpointer-arith -Wcast-align -Wall -Werror _mkltmpn11wP0.c -o _mkltmpn11wP0.c.o  -L/Users/rashid/Desktop/BROTOTYPE/BACKEND/task-service/node_modules/node-rdkafka/build/deps -lcurl -lsasl2 -lz -ldl -lpthread
DBG 77690: Setting libcurl (libcurl) status to ok (action disable)
DBG 77690: libcurl: from lib_check: LIBS: prepend -lcurl
DBG 77690: libm: Check for static library (libs -lm, arfile variable STATIC_LIB_libm=, static filenames )
DBG 77690: Compile check libm () (sub=0): gcc  -gstrict-dwarf -O2 -fPIC -Wall -Wsign-compare -Wfloat-equal -Wpointer-arith -Wcast-align -Wall -Werror _mkltmp6emp66.c -o _mkltmp6emp66.c.o  -L/Users/rashid/Desktop/BROTOTYPE/BACKEND/task-service/node_modules/node-rdkafka/build/deps -lm -lcurl -lsasl2 -lz -ldl -lpthread
DBG 77690: Setting libm (libm) status to ok (action disable)
DBG 77690: libm: from lib_check: LIBS: prepend -lm
DBG 77690: liblz4: Check for static library (libs -llz4, arfile variable STATIC_LIB_liblz4=, static filenames liblz4.a)
DBG 77690: Compile check liblz4 (WITH_LZ4_EXT) (sub=0): gcc  -gstrict-dwarf -O2 -fPIC -Wall -Wsign-compare -Wfloat-equal -Wpointer-arith -Wcast-align -Wall -Werror _mkltmp9ny4iW.c -o _mkltmp9ny4iW.c.o  -L/Users/rashid/Desktop/BROTOTYPE/BACKEND/task-service/node_modules/node-rdkafka/build/deps -llz4 -lm -lcurl -lsasl2 -lz -ldl -lpthread
DBG 77690: compile check for liblz4 (WITH_LZ4_EXT) failed: gcc  -gstrict-dwarf -O2 -fPIC -Wall -Wsign-compare -Wfloat-equal -Wpointer-arith -Wcast-align -Wall -Werror _mkltmp9ny4iW.c -o _mkltmp9ny4iW.c.o  -L/Users/rashid/Desktop/BROTOTYPE/BACKEND/task-service/node_modules/node-rdkafka/build/deps -llz4 -lm -lcurl -lsasl2 -lz -ldl -lpthread: _mkltmp9ny4iW.c:1:10: fatal error: 'lz4frame.h' file not found
#include <lz4frame.h>
         ^~~~~~~~~~~~
1 error generated.
DBG 77690: Setting liblz4 (liblz4) status to failed (action disable)
DBG 77690: Check liblz4 (WITH_LZ4_EXT, action disable (originally disable)) failed: compile check failed:
CC: CC
flags: -llz4
gcc  -gstrict-dwarf -O2 -fPIC -Wall -Wsign-compare -Wfloat-equal -Wpointer-arith -Wcast-align -Wall -Werror _mkltmp9ny4iW.c -o _mkltmp9ny4iW.c.o  -L/Users/rashid/Desktop/BROTOTYPE/BACKEND/task-service/node_modules/node-rdkafka/build/deps -llz4 -lm -lcurl -lsasl2 -lz -ldl -lpthread:
_mkltmp9ny4iW.c:1:10: fatal error: 'lz4frame.h' file not found
#include <lz4frame.h>
         ^~~~~~~~~~~~
1 error generated.
source: #include <lz4frame.h>
DBG 77690: Compile check syslog (WITH_SYSLOG) (sub=0): gcc  -gstrict-dwarf -O2 -fPIC -Wall -Wsign-compare -Wfloat-equal -Wpointer-arith -Wcast-align -Wall -Werror _mkltmpMxnH1v.c -o _mkltmpMxnH1v.c.o  -L/Users/rashid/Desktop/BROTOTYPE/BACKEND/task-service/node_modules/node-rdkafka/build/deps  -lm -lcurl -lsasl2 -lz -ldl -lpthread
DBG 77690: Setting syslog (syslog) status to ok (action disable)
DBG 77690: Compile check rapidjson (WITH_RAPIDJSON) (sub=0): g++  -gstrict-dwarf -O2 -fPIC -Wall -Wsign-compare -Wfloat-equal -Wpointer-arith -Wcast-align -Wall -Werror _mkltmpA1mgFc.cpp -o _mkltmpA1mgFc.cpp.o  -L/Users/rashid/Desktop/BROTOTYPE/BACKEND/task-service/node_modules/node-rdkafka/build/deps  -lm -lcurl -lsasl2 -lz -ldl -lpthread
DBG 77690: compile check for rapidjson (WITH_RAPIDJSON) failed: g++  -gstrict-dwarf -O2 -fPIC -Wall -Wsign-compare -Wfloat-equal -Wpointer-arith -Wcast-align -Wall -Werror _mkltmpA1mgFc.cpp -o _mkltmpA1mgFc.cpp.o  -L/Users/rashid/Desktop/BROTOTYPE/BACKEND/task-service/node_modules/node-rdkafka/build/deps  -lm -lcurl -lsasl2 -lz -ldl -lpthread: _mkltmpA1mgFc.cpp:1:10: fatal error: 'rapidjson/schema.h' file not found
#include <rapidjson/schema.h>
         ^~~~~~~~~~~~~~~~~~~~
1 error generated.
DBG 77690: Setting rapidjson (rapidjson) status to failed (action disable)
DBG 77690: Check rapidjson (WITH_RAPIDJSON, action disable (originally disable)) failed: compile check failed:
CC: CXX
flags: 
g++  -gstrict-dwarf -O2 -fPIC -Wall -Wsign-compare -Wfloat-equal -Wpointer-arith -Wcast-align -Wall -Werror _mkltmpA1mgFc.cpp -o _mkltmpA1mgFc.cpp.o  -L/Users/rashid/Desktop/BROTOTYPE/BACKEND/task-service/node_modules/node-rdkafka/build/deps  -lm -lcurl -lsasl2 -lz -ldl -lpthread:
_mkltmpA1mgFc.cpp:1:10: fatal error: 'rapidjson/schema.h' file not found
#include <rapidjson/schema.h>
         ^~~~~~~~~~~~~~~~~~~~
1 error generated.
source: #include <rapidjson/schema.h>
DBG 77690: Compile check crc32chw (WITH_CRC32C_HW) (sub=0): gcc  -gstrict-dwarf -O2 -fPIC -Wall -Wsign-compare -Wfloat-equal -Wpointer-arith -Wcast-align -Wall -Werror _mkltmpUQdvyH.c -o _mkltmpUQdvyH.c.o  -L/Users/rashid/Desktop/BROTOTYPE/BACKEND/task-service/node_modules/node-rdkafka/build/deps  -lm -lcurl -lsasl2 -lz -ldl -lpthread
DBG 77690: compile check for crc32chw (WITH_CRC32C_HW) failed: gcc  -gstrict-dwarf -O2 -fPIC -Wall -Wsign-compare -Wfloat-equal -Wpointer-arith -Wcast-align -Wall -Werror _mkltmpUQdvyH.c -o _mkltmpUQdvyH.c.o  -L/Users/rashid/Desktop/BROTOTYPE/BACKEND/task-service/node_modules/node-rdkafka/build/deps  -lm -lcurl -lsasl2 -lz -ldl -lpthread: _mkltmpUQdvyH.c:12:14: error: invalid output constraint '=c' in asm
           : "=c"(ecx)
             ^
1 error generated.
DBG 77690: Setting crc32chw (crc32chw) status to failed (action disable)
DBG 77690: Check crc32chw (WITH_CRC32C_HW, action disable (originally disable)) failed: compile check failed:
CC: CC
flags: 
gcc  -gstrict-dwarf -O2 -fPIC -Wall -Wsign-compare -Wfloat-equal -Wpointer-arith -Wcast-align -Wall -Werror _mkltmpUQdvyH.c -o _mkltmpUQdvyH.c.o  -L/Users/rashid/Desktop/BROTOTYPE/BACKEND/task-service/node_modules/node-rdkafka/build/deps  -lm -lcurl -lsasl2 -lz -ldl -lpthread:
_mkltmpUQdvyH.c:12:14: error: invalid output constraint '=c' in asm
           : "=c"(ecx)
             ^
1 error generated.
source: 
#include <inttypes.h>
#include <stdio.h>
#define LONGx1 "8192"
#define LONGx2 "16384"
void foo (void) {
   const char *n = "abcdefghijklmnopqrstuvwxyz0123456789";
   uint64_t c0 = 0, c1 = 1, c2 = 2;
   uint64_t s;
   uint32_t eax = 1, ecx;
   __asm__("cpuid"
           : "=c"(ecx)
           : "a"(eax)
           : "%ebx", "%edx");
   __asm__("crc32b\t" "(%1), %0"
           : "=r"(c0)
           : "r"(n), "0"(c0));
   __asm__("crc32q\t" "(%3), %0\n\t"
           "crc32q\t" LONGx1 "(%3), %1\n\t"
           "crc32q\t" LONGx2 "(%3), %2"
           : "=r"(c0), "=r"(c1), "=r"(c2)
           : "r"(n), "0"(c0), "1"(c1), "2"(c2));
  s = c0 + c1 + c2;
  printf("avoiding unused code removal by printing %d, %d, %d\n", (int)s, (int)eax, (int)ecx);
}

DBG 77690: Compile check regex (HAVE_REGEX) (sub=0): gcc  -gstrict-dwarf -O2 -fPIC -Wall -Wsign-compare -Wfloat-equal -Wpointer-arith -Wcast-align -Wall -Werror _mkltmpdmlj7u.c -o _mkltmpdmlj7u.c.o  -L/Users/rashid/Desktop/BROTOTYPE/BACKEND/task-service/node_modules/node-rdkafka/build/deps  -lm -lcurl -lsasl2 -lz -ldl -lpthread
DBG 77690: Setting regex (regex) status to ok (action disable)
DBG 77690: Compile check rand_r (HAVE_RAND_R) (sub=0): gcc  -gstrict-dwarf -O2 -fPIC -Wall -Wsign-compare -Wfloat-equal -Wpointer-arith -Wcast-align -Wall -Werror _mkltmpPONAis.c -o _mkltmpPONAis.c.o  -L/Users/rashid/Desktop/BROTOTYPE/BACKEND/task-service/node_modules/node-rdkafka/build/deps  -lm -lcurl -lsasl2 -lz -ldl -lpthread
DBG 77690: Setting rand_r (rand_r) status to ok (action disable)
DBG 77690: Compile check strndup (HAVE_STRNDUP) (sub=0): gcc  -gstrict-dwarf -O2 -fPIC -Wall -Wsign-compare -Wfloat-equal -Wpointer-arith -Wcast-align -Wall -Werror _mkltmppQ9KDJ.c -o _mkltmppQ9KDJ.c.o  -L/Users/rashid/Desktop/BROTOTYPE/BACKEND/task-service/node_modules/node-rdkafka/build/deps  -lm -lcurl -lsasl2 -lz -ldl -lpthread
DBG 77690: Setting strndup (strndup) status to ok (action disable)
DBG 77690: Compile check strlcpy (HAVE_STRLCPY) (sub=0): gcc  -gstrict-dwarf -O2 -fPIC -Wall -Wsign-compare -Wfloat-equal -Wpointer-arith -Wcast-align -Wall -Werror _mkltmpoX3b9M.c -o _mkltmpoX3b9M.c.o  -L/Users/rashid/Desktop/BROTOTYPE/BACKEND/task-service/node_modules/node-rdkafka/build/deps  -lm -lcurl -lsasl2 -lz -ldl -lpthread
DBG 77690: Setting strlcpy (strlcpy) status to ok (action disable)
DBG 77690: Compile check strerror_r (HAVE_STRERROR_R) (sub=0): gcc  -gstrict-dwarf -O2 -fPIC -Wall -Wsign-compare -Wfloat-equal -Wpointer-arith -Wcast-align -Wall -Werror _mkltmpWXpu9j.c -o _mkltmpWXpu9j.c.o  -L/Users/rashid/Desktop/BROTOTYPE/BACKEND/task-service/node_modules/node-rdkafka/build/deps  -lm -lcurl -lsasl2 -lz -ldl -lpthread
DBG 77690: Setting strerror_r (strerror_r) status to ok (action disable)
DBG 77690: Compile check strcasestr (HAVE_STRCASESTR) (sub=0): gcc  -gstrict-dwarf -O2 -fPIC -Wall -Wsign-compare -Wfloat-equal -Wpointer-arith -Wcast-align -Wall -Werror _mkltmpO49htt.c -o _mkltmpO49htt.c.o  -L/Users/rashid/Desktop/BROTOTYPE/BACKEND/task-service/node_modules/node-rdkafka/build/deps  -lm -lcurl -lsasl2 -lz -ldl -lpthread
DBG 77690: Setting strcasestr (strcasestr) status to ok (action disable)
DBG 77690: Compile check pthread_setname_gnu (HAVE_PTHREAD_SETNAME_GNU) (sub=0): gcc  -gstrict-dwarf -O2 -fPIC -Wall -Wsign-compare -Wfloat-equal -Wpointer-arith -Wcast-align -Wall -Werror _mkltmpRrQ7R4.c -o _mkltmpRrQ7R4.c.o  -L/Users/rashid/Desktop/BROTOTYPE/BACKEND/task-service/node_modules/node-rdkafka/build/deps -D_GNU_SOURCE -lpthread -lm -lcurl -lsasl2 -lz -ldl -lpthread
DBG 77690: compile check for pthread_setname_gnu (HAVE_PTHREAD_SETNAME_GNU) failed: gcc  -gstrict-dwarf -O2 -fPIC -Wall -Wsign-compare -Wfloat-equal -Wpointer-arith -Wcast-align -Wall -Werror _mkltmpRrQ7R4.c -o _mkltmpRrQ7R4.c.o  -L/Users/rashid/Desktop/BROTOTYPE/BACKEND/task-service/node_modules/node-rdkafka/build/deps -D_GNU_SOURCE -lpthread -lm -lcurl -lsasl2 -lz -ldl -lpthread: _mkltmpRrQ7R4.c:5:38: error: too many arguments to function call, expected 1, have 2
  pthread_setname_np(pthread_self(), "abc");
  ~~~~~~~~~~~~~~~~~~                 ^~~~~
/Library/Developer/CommandLineTools/SDKs/MacOSX.sdk/usr/include/pthread.h:535:5: note: 'pthread_setname_np' declared here
int     pthread_setname_np(const char*);
        ^
1 error generated.
DBG 77690: Setting pthread_setname_gnu (pthread_setname_gnu) status to failed (action disable)
DBG 77690: Check pthread_setname_gnu (HAVE_PTHREAD_SETNAME_GNU, action disable (originally disable)) failed: compile check failed:
CC: CC
flags: -D_GNU_SOURCE -lpthread
gcc  -gstrict-dwarf -O2 -fPIC -Wall -Wsign-compare -Wfloat-equal -Wpointer-arith -Wcast-align -Wall -Werror _mkltmpRrQ7R4.c -o _mkltmpRrQ7R4.c.o  -L/Users/rashid/Desktop/BROTOTYPE/BACKEND/task-service/node_modules/node-rdkafka/build/deps -D_GNU_SOURCE -lpthread -lm -lcurl -lsasl2 -lz -ldl -lpthread:
_mkltmpRrQ7R4.c:5:38: error: too many arguments to function call, expected 1, have 2
  pthread_setname_np(pthread_self(), "abc");
  ~~~~~~~~~~~~~~~~~~                 ^~~~~
/Library/Developer/CommandLineTools/SDKs/MacOSX.sdk/usr/include/pthread.h:535:5: note: 'pthread_setname_np' declared here
int     pthread_setname_np(const char*);
        ^
1 error generated.
source: 
#include <pthread.h>

void foo (void) {
  pthread_setname_np(pthread_self(), "abc");
}

DBG 77690: Compile check pthread_setname_darwin (HAVE_PTHREAD_SETNAME_DARWIN) (sub=0): gcc  -gstrict-dwarf -O2 -fPIC -Wall -Wsign-compare -Wfloat-equal -Wpointer-arith -Wcast-align -Wall -Werror _mkltmpRZtvIr.c -o _mkltmpRZtvIr.c.o  -L/Users/rashid/Desktop/BROTOTYPE/BACKEND/task-service/node_modules/node-rdkafka/build/deps -D_DARWIN_C_SOURCE -lpthread -lm -lcurl -lsasl2 -lz -ldl -lpthread
DBG 77690: Setting pthread_setname_darwin (pthread_setname_darwin) status to ok (action disable)
DBG 77690: Setting nm (nm) status to ok (action cont)
DBG 77690: Compile check getrusage (HAVE_GETRUSAGE) (sub=0): gcc  -gstrict-dwarf -O2 -fPIC -Wall -Wsign-compare -Wfloat-equal -Wpointer-arith -Wcast-align -Wall -Werror _mkltmp8nX7zL.c -o _mkltmp8nX7zL.c.o  -L/Users/rashid/Desktop/BROTOTYPE/BACKEND/task-service/node_modules/node-rdkafka/build/deps  -lm -lcurl -lsasl2 -lz -ldl -lpthread
DBG 77690: Setting getrusage (getrusage) status to ok (action disable)
